{"C:\\Users\\User\\Desktop\\море трупов\\PizzaTime\\scripts\\getContent.js": {"path":"C:\\Users\\User\\Desktop\\море трупов\\PizzaTime\\scripts\\getContent.js","statementMap":{"0":{"start":{"line":1,"column":14},"end":{"line":1,"column":35}},"1":{"start":{"line":2,"column":25},"end":{"line":2,"column":55}},"2":{"start":{"line":3,"column":13},"end":{"line":3,"column":77}},"3":{"start":{"line":4,"column":14},"end":{"line":4,"column":75}},"4":{"start":{"line":5,"column":14},"end":{"line":5,"column":72}},"5":{"start":{"line":8,"column":29},"end":{"line":8,"column":57}},"6":{"start":{"line":9,"column":32},"end":{"line":9,"column":62}},"7":{"start":{"line":10,"column":29},"end":{"line":10,"column":56}},"8":{"start":{"line":11,"column":35},"end":{"line":11,"column":69}},"9":{"start":{"line":14,"column":4},"end":{"line":14,"column":54}},"10":{"start":{"line":14,"column":38},"end":{"line":14,"column":52}}},"fnMap":{"0":{"name":"getContent","decl":{"start":{"line":13,"column":22},"end":{"line":13,"column":32}},"loc":{"start":{"line":13,"column":38},"end":{"line":15,"column":1}},"line":13},"1":{"name":"(anonymous_1)","decl":{"start":{"line":14,"column":27},"end":{"line":14,"column":28}},"loc":{"start":{"line":14,"column":38},"end":{"line":14,"column":52}},"line":14}},"branchMap":{},"s":{"0":2,"1":2,"2":2,"3":2,"4":2,"5":2,"6":2,"7":2,"8":2,"9":9,"10":5},"f":{"0":9,"1":5},"b":{},"_coverageSchema":"1a1c01bbd47fc00a2c39e90264f33305004495a9","hash":"88894054e4c46e7ce04d4b89810378b8c02377ae"}
,"C:\\Users\\User\\Desktop\\море трупов\\PizzaTime\\scripts\\other.js": {"path":"C:\\Users\\User\\Desktop\\море трупов\\PizzaTime\\scripts\\other.js","statementMap":{"0":{"start":{"line":4,"column":30},"end":{"line":42,"column":1}},"1":{"start":{"line":5,"column":4},"end":{"line":41,"column":7}},"2":{"start":{"line":6,"column":8},"end":{"line":38,"column":9}},"3":{"start":{"line":7,"column":12},"end":{"line":36,"column":13}},"4":{"start":{"line":8,"column":16},"end":{"line":35,"column":18}},"5":{"start":{"line":40,"column":8},"end":{"line":40,"column":45}},"6":{"start":{"line":45,"column":24},"end":{"line":131,"column":1}},"7":{"start":{"line":46,"column":4},"end":{"line":125,"column":11}},"8":{"start":{"line":47,"column":8},"end":{"line":58,"column":9}},"9":{"start":{"line":48,"column":12},"end":{"line":57,"column":13}},"10":{"start":{"line":49,"column":16},"end":{"line":56,"column":18}},"11":{"start":{"line":59,"column":8},"end":{"line":120,"column":15}},"12":{"start":{"line":60,"column":12},"end":{"line":116,"column":13}},"13":{"start":{"line":61,"column":16},"end":{"line":115,"column":17}},"14":{"start":{"line":62,"column":30},"end":{"line":62,"column":100}},"15":{"start":{"line":63,"column":20},"end":{"line":99,"column":22}},"16":{"start":{"line":100,"column":29},"end":{"line":100,"column":71}},"17":{"start":{"line":101,"column":32},"end":{"line":101,"column":62}},"18":{"start":{"line":102,"column":30},"end":{"line":102,"column":32}},"19":{"start":{"line":103,"column":20},"end":{"line":113,"column":23}},"20":{"start":{"line":104,"column":24},"end":{"line":109,"column":25}},"21":{"start":{"line":105,"column":28},"end":{"line":107,"column":29}},"22":{"start":{"line":106,"column":32},"end":{"line":106,"column":70}},"23":{"start":{"line":110,"column":24},"end":{"line":110,"column":93}},"24":{"start":{"line":112,"column":24},"end":{"line":112,"column":61}},"25":{"start":{"line":119,"column":16},"end":{"line":119,"column":53}},"26":{"start":{"line":124,"column":12},"end":{"line":124,"column":49}},"27":{"start":{"line":126,"column":4},"end":{"line":130,"column":6}},"28":{"start":{"line":127,"column":8},"end":{"line":129,"column":9}},"29":{"start":{"line":128,"column":12},"end":{"line":128,"column":55}},"30":{"start":{"line":135,"column":24},"end":{"line":201,"column":1}},"31":{"start":{"line":136,"column":15},"end":{"line":136,"column":24}},"32":{"start":{"line":137,"column":19},"end":{"line":137,"column":36}},"33":{"start":{"line":138,"column":15},"end":{"line":138,"column":32}},"34":{"start":{"line":139,"column":19},"end":{"line":139,"column":24}},"35":{"start":{"line":141,"column":4},"end":{"line":195,"column":7}},"36":{"start":{"line":142,"column":8},"end":{"line":170,"column":9}},"37":{"start":{"line":143,"column":12},"end":{"line":166,"column":13}},"38":{"start":{"line":144,"column":16},"end":{"line":165,"column":17}},"39":{"start":{"line":145,"column":20},"end":{"line":145,"column":36}},"40":{"start":{"line":146,"column":20},"end":{"line":148,"column":22}},"41":{"start":{"line":149,"column":20},"end":{"line":151,"column":22}},"42":{"start":{"line":152,"column":20},"end":{"line":156,"column":22}},"43":{"start":{"line":164,"column":20},"end":{"line":164,"column":56}},"44":{"start":{"line":167,"column":12},"end":{"line":169,"column":13}},"45":{"start":{"line":168,"column":16},"end":{"line":168,"column":51}},"46":{"start":{"line":171,"column":8},"end":{"line":192,"column":11}},"47":{"start":{"line":172,"column":12},"end":{"line":189,"column":13}},"48":{"start":{"line":173,"column":16},"end":{"line":188,"column":17}},"49":{"start":{"line":174,"column":20},"end":{"line":187,"column":21}},"50":{"start":{"line":175,"column":24},"end":{"line":186,"column":26}},"51":{"start":{"line":191,"column":12},"end":{"line":191,"column":49}},"52":{"start":{"line":194,"column":8},"end":{"line":194,"column":45}},"53":{"start":{"line":196,"column":4},"end":{"line":200,"column":6}},"54":{"start":{"line":197,"column":8},"end":{"line":199,"column":9}},"55":{"start":{"line":198,"column":12},"end":{"line":198,"column":55}},"56":{"start":{"line":203,"column":25},"end":{"line":246,"column":1}},"57":{"start":{"line":204,"column":15},"end":{"line":204,"column":24}},"58":{"start":{"line":205,"column":13},"end":{"line":205,"column":30}},"59":{"start":{"line":206,"column":19},"end":{"line":206,"column":24}},"60":{"start":{"line":207,"column":4},"end":{"line":245,"column":7}},"61":{"start":{"line":208,"column":8},"end":{"line":238,"column":9}},"62":{"start":{"line":209,"column":12},"end":{"line":236,"column":13}},"63":{"start":{"line":210,"column":16},"end":{"line":235,"column":17}},"64":{"start":{"line":211,"column":20},"end":{"line":211,"column":36}},"65":{"start":{"line":212,"column":20},"end":{"line":234,"column":22}},"66":{"start":{"line":240,"column":8},"end":{"line":242,"column":9}},"67":{"start":{"line":241,"column":12},"end":{"line":241,"column":47}},"68":{"start":{"line":244,"column":8},"end":{"line":244,"column":45}},"69":{"start":{"line":248,"column":30},"end":{"line":306,"column":1}},"70":{"start":{"line":249,"column":15},"end":{"line":249,"column":55}},"71":{"start":{"line":250,"column":4},"end":{"line":305,"column":5}},"72":{"start":{"line":251,"column":8},"end":{"line":284,"column":11}},"73":{"start":{"line":252,"column":12},"end":{"line":283,"column":13}},"74":{"start":{"line":253,"column":16},"end":{"line":281,"column":19}},"75":{"start":{"line":254,"column":20},"end":{"line":280,"column":21}},"76":{"start":{"line":255,"column":34},"end":{"line":255,"column":104}},"77":{"start":{"line":256,"column":24},"end":{"line":279,"column":26}},"78":{"start":{"line":285,"column":8},"end":{"line":292,"column":10}},"79":{"start":{"line":295,"column":8},"end":{"line":303,"column":11}},"80":{"start":{"line":296,"column":12},"end":{"line":301,"column":13}},"81":{"start":{"line":297,"column":27},"end":{"line":297,"column":36}},"82":{"start":{"line":298,"column":16},"end":{"line":298,"column":106}},"83":{"start":{"line":298,"column":45},"end":{"line":298,"column":58}},"84":{"start":{"line":298,"column":73},"end":{"line":298,"column":104}},"85":{"start":{"line":300,"column":16},"end":{"line":300,"column":71}},"86":{"start":{"line":304,"column":8},"end":{"line":304,"column":26}},"87":{"start":{"line":307,"column":16},"end":{"line":325,"column":1}},"88":{"start":{"line":308,"column":15},"end":{"line":308,"column":52}},"89":{"start":{"line":309,"column":16},"end":{"line":309,"column":54}},"90":{"start":{"line":310,"column":15},"end":{"line":310,"column":52}},"91":{"start":{"line":311,"column":15},"end":{"line":311,"column":52}},"92":{"start":{"line":312,"column":15},"end":{"line":312,"column":52}},"93":{"start":{"line":313,"column":18},"end":{"line":313,"column":58}},"94":{"start":{"line":314,"column":20},"end":{"line":314,"column":67}},"95":{"start":{"line":315,"column":4},"end":{"line":324,"column":6}},"96":{"start":{"line":327,"column":16},"end":{"line":348,"column":1}},"97":{"start":{"line":328,"column":15},"end":{"line":328,"column":24}},"98":{"start":{"line":329,"column":4},"end":{"line":331,"column":5}},"99":{"start":{"line":330,"column":8},"end":{"line":330,"column":20}},"100":{"start":{"line":332,"column":4},"end":{"line":334,"column":5}},"101":{"start":{"line":333,"column":8},"end":{"line":333,"column":20}},"102":{"start":{"line":335,"column":4},"end":{"line":337,"column":5}},"103":{"start":{"line":336,"column":8},"end":{"line":336,"column":20}},"104":{"start":{"line":338,"column":4},"end":{"line":340,"column":5}},"105":{"start":{"line":339,"column":8},"end":{"line":339,"column":20}},"106":{"start":{"line":341,"column":4},"end":{"line":343,"column":5}},"107":{"start":{"line":342,"column":8},"end":{"line":342,"column":20}},"108":{"start":{"line":344,"column":4},"end":{"line":346,"column":5}},"109":{"start":{"line":345,"column":8},"end":{"line":345,"column":20}},"110":{"start":{"line":347,"column":4},"end":{"line":347,"column":17}},"111":{"start":{"line":350,"column":16},"end":{"line":406,"column":1}},"112":{"start":{"line":351,"column":4},"end":{"line":368,"column":6}},"113":{"start":{"line":369,"column":15},"end":{"line":369,"column":55}},"114":{"start":{"line":370,"column":4},"end":{"line":405,"column":5}},"115":{"start":{"line":371,"column":8},"end":{"line":404,"column":11}},"116":{"start":{"line":372,"column":12},"end":{"line":403,"column":13}},"117":{"start":{"line":373,"column":16},"end":{"line":401,"column":19}},"118":{"start":{"line":374,"column":20},"end":{"line":400,"column":21}},"119":{"start":{"line":375,"column":34},"end":{"line":375,"column":104}},"120":{"start":{"line":376,"column":24},"end":{"line":399,"column":26}},"121":{"start":{"line":408,"column":29},"end":{"line":470,"column":1}},"122":{"start":{"line":409,"column":15},"end":{"line":409,"column":55}},"123":{"start":{"line":410,"column":4},"end":{"line":459,"column":5}},"124":{"start":{"line":411,"column":8},"end":{"line":447,"column":11}},"125":{"start":{"line":412,"column":12},"end":{"line":446,"column":13}},"126":{"start":{"line":413,"column":16},"end":{"line":444,"column":19}},"127":{"start":{"line":414,"column":20},"end":{"line":443,"column":21}},"128":{"start":{"line":415,"column":34},"end":{"line":415,"column":104}},"129":{"start":{"line":416,"column":24},"end":{"line":441,"column":26}},"130":{"start":{"line":448,"column":8},"end":{"line":457,"column":10}},"131":{"start":{"line":458,"column":8},"end":{"line":458,"column":26}},"132":{"start":{"line":460,"column":4},"end":{"line":469,"column":6}},"133":{"start":{"line":461,"column":8},"end":{"line":464,"column":9}},"134":{"start":{"line":462,"column":12},"end":{"line":462,"column":58}},"135":{"start":{"line":463,"column":12},"end":{"line":463,"column":30}},"136":{"start":{"line":465,"column":8},"end":{"line":468,"column":9}},"137":{"start":{"line":466,"column":12},"end":{"line":466,"column":59}},"138":{"start":{"line":467,"column":12},"end":{"line":467,"column":30}},"139":{"start":{"line":474,"column":11},"end":{"line":476,"column":1}},"140":{"start":{"line":479,"column":4},"end":{"line":479,"column":18}},"141":{"start":{"line":483,"column":4},"end":{"line":483,"column":16}},"142":{"start":{"line":486,"column":0},"end":{"line":493,"column":1}},"143":{"start":{"line":487,"column":21},"end":{"line":487,"column":61}},"144":{"start":{"line":488,"column":4},"end":{"line":492,"column":5}},"145":{"start":{"line":489,"column":8},"end":{"line":491,"column":11}},"146":{"start":{"line":490,"column":12},"end":{"line":490,"column":31}},"147":{"start":{"line":496,"column":24},"end":{"line":496,"column":29}},"148":{"start":{"line":497,"column":4},"end":{"line":502,"column":7}},"149":{"start":{"line":498,"column":8},"end":{"line":501,"column":9}},"150":{"start":{"line":499,"column":12},"end":{"line":499,"column":33}},"151":{"start":{"line":500,"column":12},"end":{"line":500,"column":31}},"152":{"start":{"line":503,"column":4},"end":{"line":505,"column":5}},"153":{"start":{"line":504,"column":8},"end":{"line":504,"column":43}},"154":{"start":{"line":506,"column":4},"end":{"line":506,"column":55}},"155":{"start":{"line":511,"column":4},"end":{"line":517,"column":7}},"156":{"start":{"line":512,"column":8},"end":{"line":516,"column":9}},"157":{"start":{"line":513,"column":12},"end":{"line":513,"column":31}},"158":{"start":{"line":514,"column":12},"end":{"line":514,"column":63}},"159":{"start":{"line":515,"column":12},"end":{"line":515,"column":80}},"160":{"start":{"line":522,"column":4},"end":{"line":533,"column":7}},"161":{"start":{"line":523,"column":8},"end":{"line":532,"column":9}},"162":{"start":{"line":524,"column":12},"end":{"line":524,"column":31}},"163":{"start":{"line":525,"column":12},"end":{"line":527,"column":13}},"164":{"start":{"line":526,"column":16},"end":{"line":526,"column":42}},"165":{"start":{"line":528,"column":12},"end":{"line":528,"column":63}},"166":{"start":{"line":529,"column":12},"end":{"line":529,"column":75}},"167":{"start":{"line":530,"column":12},"end":{"line":530,"column":65}},"168":{"start":{"line":531,"column":12},"end":{"line":531,"column":28}},"169":{"start":{"line":537,"column":20},"end":{"line":537,"column":22}},"170":{"start":{"line":538,"column":4},"end":{"line":542,"column":7}},"171":{"start":{"line":539,"column":8},"end":{"line":541,"column":9}},"172":{"start":{"line":540,"column":12},"end":{"line":540,"column":36}},"173":{"start":{"line":543,"column":4},"end":{"line":543,"column":21}},"174":{"start":{"line":547,"column":20},"end":{"line":547,"column":21}},"175":{"start":{"line":548,"column":4},"end":{"line":559,"column":7}},"176":{"start":{"line":549,"column":8},"end":{"line":557,"column":9}},"177":{"start":{"line":550,"column":12},"end":{"line":555,"column":15}},"178":{"start":{"line":551,"column":16},"end":{"line":554,"column":17}},"179":{"start":{"line":552,"column":20},"end":{"line":552,"column":79}},"180":{"start":{"line":558,"column":8},"end":{"line":558,"column":79}}},"fnMap":{"0":{"name":"(anonymous_0)","decl":{"start":{"line":4,"column":30},"end":{"line":4,"column":31}},"loc":{"start":{"line":4,"column":47},"end":{"line":42,"column":1}},"line":4},"1":{"name":"(anonymous_1)","decl":{"start":{"line":5,"column":23},"end":{"line":5,"column":24}},"loc":{"start":{"line":5,"column":42},"end":{"line":39,"column":5}},"line":5},"2":{"name":"(anonymous_2)","decl":{"start":{"line":39,"column":13},"end":{"line":39,"column":14}},"loc":{"start":{"line":39,"column":29},"end":{"line":41,"column":5}},"line":39},"3":{"name":"(anonymous_3)","decl":{"start":{"line":45,"column":24},"end":{"line":45,"column":25}},"loc":{"start":{"line":45,"column":41},"end":{"line":131,"column":1}},"line":45},"4":{"name":"(anonymous_4)","decl":{"start":{"line":46,"column":26},"end":{"line":46,"column":27}},"loc":{"start":{"line":46,"column":40},"end":{"line":122,"column":5}},"line":46},"5":{"name":"(anonymous_5)","decl":{"start":{"line":59,"column":27},"end":{"line":59,"column":28}},"loc":{"start":{"line":59,"column":46},"end":{"line":117,"column":9}},"line":59},"6":{"name":"(anonymous_6)","decl":{"start":{"line":103,"column":45},"end":{"line":103,"column":46}},"loc":{"start":{"line":103,"column":60},"end":{"line":111,"column":21}},"line":103},"7":{"name":"(anonymous_7)","decl":{"start":{"line":111,"column":29},"end":{"line":111,"column":30}},"loc":{"start":{"line":111,"column":45},"end":{"line":113,"column":21}},"line":111},"8":{"name":"(anonymous_8)","decl":{"start":{"line":118,"column":19},"end":{"line":118,"column":20}},"loc":{"start":{"line":118,"column":35},"end":{"line":120,"column":13}},"line":118},"9":{"name":"(anonymous_9)","decl":{"start":{"line":123,"column":15},"end":{"line":123,"column":16}},"loc":{"start":{"line":123,"column":31},"end":{"line":125,"column":9}},"line":123},"10":{"name":"(anonymous_10)","decl":{"start":{"line":126,"column":21},"end":{"line":126,"column":22}},"loc":{"start":{"line":126,"column":30},"end":{"line":130,"column":5}},"line":126},"11":{"name":"(anonymous_11)","decl":{"start":{"line":135,"column":24},"end":{"line":135,"column":25}},"loc":{"start":{"line":135,"column":48},"end":{"line":201,"column":1}},"line":135},"12":{"name":"(anonymous_12)","decl":{"start":{"line":141,"column":23},"end":{"line":141,"column":24}},"loc":{"start":{"line":141,"column":32},"end":{"line":193,"column":5}},"line":141},"13":{"name":"(anonymous_13)","decl":{"start":{"line":171,"column":27},"end":{"line":171,"column":28}},"loc":{"start":{"line":171,"column":36},"end":{"line":190,"column":9}},"line":171},"14":{"name":"(anonymous_14)","decl":{"start":{"line":190,"column":17},"end":{"line":190,"column":18}},"loc":{"start":{"line":190,"column":33},"end":{"line":192,"column":9}},"line":190},"15":{"name":"(anonymous_15)","decl":{"start":{"line":193,"column":13},"end":{"line":193,"column":14}},"loc":{"start":{"line":193,"column":29},"end":{"line":195,"column":5}},"line":193},"16":{"name":"(anonymous_16)","decl":{"start":{"line":196,"column":21},"end":{"line":196,"column":22}},"loc":{"start":{"line":196,"column":30},"end":{"line":200,"column":5}},"line":196},"17":{"name":"(anonymous_17)","decl":{"start":{"line":203,"column":25},"end":{"line":203,"column":26}},"loc":{"start":{"line":203,"column":48},"end":{"line":246,"column":1}},"line":203},"18":{"name":"(anonymous_18)","decl":{"start":{"line":207,"column":23},"end":{"line":207,"column":24}},"loc":{"start":{"line":207,"column":42},"end":{"line":243,"column":5}},"line":207},"19":{"name":"(anonymous_19)","decl":{"start":{"line":243,"column":13},"end":{"line":243,"column":14}},"loc":{"start":{"line":243,"column":29},"end":{"line":245,"column":5}},"line":243},"20":{"name":"(anonymous_20)","decl":{"start":{"line":248,"column":30},"end":{"line":248,"column":31}},"loc":{"start":{"line":248,"column":47},"end":{"line":306,"column":1}},"line":248},"21":{"name":"(anonymous_21)","decl":{"start":{"line":251,"column":27},"end":{"line":251,"column":28}},"loc":{"start":{"line":251,"column":44},"end":{"line":284,"column":9}},"line":251},"22":{"name":"(anonymous_22)","decl":{"start":{"line":253,"column":29},"end":{"line":253,"column":30}},"loc":{"start":{"line":253,"column":40},"end":{"line":281,"column":17}},"line":253},"23":{"name":"(anonymous_23)","decl":{"start":{"line":295,"column":80},"end":{"line":295,"column":81}},"loc":{"start":{"line":295,"column":85},"end":{"line":303,"column":9}},"line":295},"24":{"name":"(anonymous_24)","decl":{"start":{"line":298,"column":37},"end":{"line":298,"column":38}},"loc":{"start":{"line":298,"column":45},"end":{"line":298,"column":58}},"line":298},"25":{"name":"(anonymous_25)","decl":{"start":{"line":298,"column":66},"end":{"line":298,"column":67}},"loc":{"start":{"line":298,"column":73},"end":{"line":298,"column":104}},"line":298},"26":{"name":"(anonymous_26)","decl":{"start":{"line":307,"column":16},"end":{"line":307,"column":17}},"loc":{"start":{"line":307,"column":27},"end":{"line":325,"column":1}},"line":307},"27":{"name":"(anonymous_27)","decl":{"start":{"line":327,"column":16},"end":{"line":327,"column":17}},"loc":{"start":{"line":327,"column":22},"end":{"line":348,"column":1}},"line":327},"28":{"name":"(anonymous_28)","decl":{"start":{"line":350,"column":16},"end":{"line":350,"column":17}},"loc":{"start":{"line":350,"column":26},"end":{"line":406,"column":1}},"line":350},"29":{"name":"(anonymous_29)","decl":{"start":{"line":371,"column":27},"end":{"line":371,"column":28}},"loc":{"start":{"line":371,"column":44},"end":{"line":404,"column":9}},"line":371},"30":{"name":"(anonymous_30)","decl":{"start":{"line":373,"column":29},"end":{"line":373,"column":30}},"loc":{"start":{"line":373,"column":40},"end":{"line":401,"column":17}},"line":373},"31":{"name":"(anonymous_31)","decl":{"start":{"line":408,"column":29},"end":{"line":408,"column":30}},"loc":{"start":{"line":408,"column":46},"end":{"line":470,"column":1}},"line":408},"32":{"name":"(anonymous_32)","decl":{"start":{"line":411,"column":27},"end":{"line":411,"column":28}},"loc":{"start":{"line":411,"column":44},"end":{"line":447,"column":9}},"line":411},"33":{"name":"(anonymous_33)","decl":{"start":{"line":413,"column":29},"end":{"line":413,"column":30}},"loc":{"start":{"line":413,"column":40},"end":{"line":444,"column":17}},"line":413},"34":{"name":"(anonymous_34)","decl":{"start":{"line":460,"column":21},"end":{"line":460,"column":22}},"loc":{"start":{"line":460,"column":30},"end":{"line":469,"column":5}},"line":460},"35":{"name":"setCart","decl":{"start":{"line":478,"column":16},"end":{"line":478,"column":23}},"loc":{"start":{"line":478,"column":32},"end":{"line":480,"column":1}},"line":478},"36":{"name":"getCart","decl":{"start":{"line":482,"column":16},"end":{"line":482,"column":23}},"loc":{"start":{"line":482,"column":26},"end":{"line":484,"column":1}},"line":482},"37":{"name":"(anonymous_37)","decl":{"start":{"line":489,"column":27},"end":{"line":489,"column":28}},"loc":{"start":{"line":489,"column":38},"end":{"line":491,"column":9}},"line":489},"38":{"name":"addToCart","decl":{"start":{"line":495,"column":22},"end":{"line":495,"column":31}},"loc":{"start":{"line":495,"column":36},"end":{"line":507,"column":1}},"line":495},"39":{"name":"(anonymous_39)","decl":{"start":{"line":497,"column":17},"end":{"line":497,"column":18}},"loc":{"start":{"line":497,"column":28},"end":{"line":502,"column":5}},"line":497},"40":{"name":"plusQuantity","decl":{"start":{"line":510,"column":16},"end":{"line":510,"column":28}},"loc":{"start":{"line":510,"column":33},"end":{"line":518,"column":1}},"line":510},"41":{"name":"(anonymous_41)","decl":{"start":{"line":511,"column":17},"end":{"line":511,"column":18}},"loc":{"start":{"line":511,"column":28},"end":{"line":517,"column":5}},"line":511},"42":{"name":"minusQuantity","decl":{"start":{"line":521,"column":16},"end":{"line":521,"column":29}},"loc":{"start":{"line":521,"column":34},"end":{"line":534,"column":1}},"line":521},"43":{"name":"(anonymous_43)","decl":{"start":{"line":522,"column":17},"end":{"line":522,"column":18}},"loc":{"start":{"line":522,"column":28},"end":{"line":533,"column":5}},"line":522},"44":{"name":"deleteFromCart","decl":{"start":{"line":536,"column":16},"end":{"line":536,"column":30}},"loc":{"start":{"line":536,"column":35},"end":{"line":544,"column":1}},"line":536},"45":{"name":"(anonymous_45)","decl":{"start":{"line":538,"column":17},"end":{"line":538,"column":18}},"loc":{"start":{"line":538,"column":28},"end":{"line":542,"column":5}},"line":538},"46":{"name":"updateTotalCost","decl":{"start":{"line":546,"column":16},"end":{"line":546,"column":31}},"loc":{"start":{"line":546,"column":34},"end":{"line":561,"column":1}},"line":546},"47":{"name":"(anonymous_47)","decl":{"start":{"line":548,"column":23},"end":{"line":548,"column":24}},"loc":{"start":{"line":548,"column":40},"end":{"line":559,"column":5}},"line":548},"48":{"name":"(anonymous_48)","decl":{"start":{"line":550,"column":25},"end":{"line":550,"column":26}},"loc":{"start":{"line":550,"column":36},"end":{"line":555,"column":13}},"line":550}},"branchMap":{"0":{"loc":{"start":{"line":6,"column":8},"end":{"line":38,"column":9}},"type":"if","locations":[{"start":{"line":6,"column":8},"end":{"line":38,"column":9}},{"start":{"line":6,"column":8},"end":{"line":38,"column":9}}],"line":6},"1":{"loc":{"start":{"line":47,"column":8},"end":{"line":58,"column":9}},"type":"if","locations":[{"start":{"line":47,"column":8},"end":{"line":58,"column":9}},{"start":{"line":47,"column":8},"end":{"line":58,"column":9}}],"line":47},"2":{"loc":{"start":{"line":60,"column":12},"end":{"line":116,"column":13}},"type":"if","locations":[{"start":{"line":60,"column":12},"end":{"line":116,"column":13}},{"start":{"line":60,"column":12},"end":{"line":116,"column":13}}],"line":60},"3":{"loc":{"start":{"line":105,"column":28},"end":{"line":107,"column":29}},"type":"if","locations":[{"start":{"line":105,"column":28},"end":{"line":107,"column":29}},{"start":{"line":105,"column":28},"end":{"line":107,"column":29}}],"line":105},"4":{"loc":{"start":{"line":127,"column":8},"end":{"line":129,"column":9}},"type":"if","locations":[{"start":{"line":127,"column":8},"end":{"line":129,"column":9}},{"start":{"line":127,"column":8},"end":{"line":129,"column":9}}],"line":127},"5":{"loc":{"start":{"line":142,"column":8},"end":{"line":170,"column":9}},"type":"if","locations":[{"start":{"line":142,"column":8},"end":{"line":170,"column":9}},{"start":{"line":142,"column":8},"end":{"line":170,"column":9}}],"line":142},"6":{"loc":{"start":{"line":144,"column":16},"end":{"line":165,"column":17}},"type":"if","locations":[{"start":{"line":144,"column":16},"end":{"line":165,"column":17}},{"start":{"line":144,"column":16},"end":{"line":165,"column":17}}],"line":144},"7":{"loc":{"start":{"line":144,"column":20},"end":{"line":144,"column":79}},"type":"binary-expr","locations":[{"start":{"line":144,"column":20},"end":{"line":144,"column":43}},{"start":{"line":144,"column":47},"end":{"line":144,"column":79}}],"line":144},"8":{"loc":{"start":{"line":167,"column":12},"end":{"line":169,"column":13}},"type":"if","locations":[{"start":{"line":167,"column":12},"end":{"line":169,"column":13}},{"start":{"line":167,"column":12},"end":{"line":169,"column":13}}],"line":167},"9":{"loc":{"start":{"line":172,"column":12},"end":{"line":189,"column":13}},"type":"if","locations":[{"start":{"line":172,"column":12},"end":{"line":189,"column":13}},{"start":{"line":172,"column":12},"end":{"line":189,"column":13}}],"line":172},"10":{"loc":{"start":{"line":174,"column":20},"end":{"line":187,"column":21}},"type":"if","locations":[{"start":{"line":174,"column":20},"end":{"line":187,"column":21}},{"start":{"line":174,"column":20},"end":{"line":187,"column":21}}],"line":174},"11":{"loc":{"start":{"line":197,"column":8},"end":{"line":199,"column":9}},"type":"if","locations":[{"start":{"line":197,"column":8},"end":{"line":199,"column":9}},{"start":{"line":197,"column":8},"end":{"line":199,"column":9}}],"line":197},"12":{"loc":{"start":{"line":208,"column":8},"end":{"line":238,"column":9}},"type":"if","locations":[{"start":{"line":208,"column":8},"end":{"line":238,"column":9}},{"start":{"line":208,"column":8},"end":{"line":238,"column":9}}],"line":208},"13":{"loc":{"start":{"line":210,"column":16},"end":{"line":235,"column":17}},"type":"if","locations":[{"start":{"line":210,"column":16},"end":{"line":235,"column":17}},{"start":{"line":210,"column":16},"end":{"line":235,"column":17}}],"line":210},"14":{"loc":{"start":{"line":240,"column":8},"end":{"line":242,"column":9}},"type":"if","locations":[{"start":{"line":240,"column":8},"end":{"line":242,"column":9}},{"start":{"line":240,"column":8},"end":{"line":242,"column":9}}],"line":240},"15":{"loc":{"start":{"line":250,"column":4},"end":{"line":305,"column":5}},"type":"if","locations":[{"start":{"line":250,"column":4},"end":{"line":305,"column":5}},{"start":{"line":250,"column":4},"end":{"line":305,"column":5}}],"line":250},"16":{"loc":{"start":{"line":254,"column":20},"end":{"line":280,"column":21}},"type":"if","locations":[{"start":{"line":254,"column":20},"end":{"line":280,"column":21}},{"start":{"line":254,"column":20},"end":{"line":280,"column":21}}],"line":254},"17":{"loc":{"start":{"line":296,"column":12},"end":{"line":301,"column":13}},"type":"if","locations":[{"start":{"line":296,"column":12},"end":{"line":301,"column":13}},{"start":{"line":296,"column":12},"end":{"line":301,"column":13}}],"line":296},"18":{"loc":{"start":{"line":329,"column":4},"end":{"line":331,"column":5}},"type":"if","locations":[{"start":{"line":329,"column":4},"end":{"line":331,"column":5}},{"start":{"line":329,"column":4},"end":{"line":331,"column":5}}],"line":329},"19":{"loc":{"start":{"line":332,"column":4},"end":{"line":334,"column":5}},"type":"if","locations":[{"start":{"line":332,"column":4},"end":{"line":334,"column":5}},{"start":{"line":332,"column":4},"end":{"line":334,"column":5}}],"line":332},"20":{"loc":{"start":{"line":335,"column":4},"end":{"line":337,"column":5}},"type":"if","locations":[{"start":{"line":335,"column":4},"end":{"line":337,"column":5}},{"start":{"line":335,"column":4},"end":{"line":337,"column":5}}],"line":335},"21":{"loc":{"start":{"line":338,"column":4},"end":{"line":340,"column":5}},"type":"if","locations":[{"start":{"line":338,"column":4},"end":{"line":340,"column":5}},{"start":{"line":338,"column":4},"end":{"line":340,"column":5}}],"line":338},"22":{"loc":{"start":{"line":341,"column":4},"end":{"line":343,"column":5}},"type":"if","locations":[{"start":{"line":341,"column":4},"end":{"line":343,"column":5}},{"start":{"line":341,"column":4},"end":{"line":343,"column":5}}],"line":341},"23":{"loc":{"start":{"line":344,"column":4},"end":{"line":346,"column":5}},"type":"if","locations":[{"start":{"line":344,"column":4},"end":{"line":346,"column":5}},{"start":{"line":344,"column":4},"end":{"line":346,"column":5}}],"line":344},"24":{"loc":{"start":{"line":370,"column":4},"end":{"line":405,"column":5}},"type":"if","locations":[{"start":{"line":370,"column":4},"end":{"line":405,"column":5}},{"start":{"line":370,"column":4},"end":{"line":405,"column":5}}],"line":370},"25":{"loc":{"start":{"line":374,"column":20},"end":{"line":400,"column":21}},"type":"if","locations":[{"start":{"line":374,"column":20},"end":{"line":400,"column":21}},{"start":{"line":374,"column":20},"end":{"line":400,"column":21}}],"line":374},"26":{"loc":{"start":{"line":410,"column":4},"end":{"line":459,"column":5}},"type":"if","locations":[{"start":{"line":410,"column":4},"end":{"line":459,"column":5}},{"start":{"line":410,"column":4},"end":{"line":459,"column":5}}],"line":410},"27":{"loc":{"start":{"line":414,"column":20},"end":{"line":443,"column":21}},"type":"if","locations":[{"start":{"line":414,"column":20},"end":{"line":443,"column":21}},{"start":{"line":414,"column":20},"end":{"line":443,"column":21}}],"line":414},"28":{"loc":{"start":{"line":461,"column":8},"end":{"line":464,"column":9}},"type":"if","locations":[{"start":{"line":461,"column":8},"end":{"line":464,"column":9}},{"start":{"line":461,"column":8},"end":{"line":464,"column":9}}],"line":461},"29":{"loc":{"start":{"line":465,"column":8},"end":{"line":468,"column":9}},"type":"if","locations":[{"start":{"line":465,"column":8},"end":{"line":468,"column":9}},{"start":{"line":465,"column":8},"end":{"line":468,"column":9}}],"line":465},"30":{"loc":{"start":{"line":486,"column":0},"end":{"line":493,"column":1}},"type":"if","locations":[{"start":{"line":486,"column":0},"end":{"line":493,"column":1}},{"start":{"line":486,"column":0},"end":{"line":493,"column":1}}],"line":486},"31":{"loc":{"start":{"line":488,"column":4},"end":{"line":492,"column":5}},"type":"if","locations":[{"start":{"line":488,"column":4},"end":{"line":492,"column":5}},{"start":{"line":488,"column":4},"end":{"line":492,"column":5}}],"line":488},"32":{"loc":{"start":{"line":498,"column":8},"end":{"line":501,"column":9}},"type":"if","locations":[{"start":{"line":498,"column":8},"end":{"line":501,"column":9}},{"start":{"line":498,"column":8},"end":{"line":501,"column":9}}],"line":498},"33":{"loc":{"start":{"line":503,"column":4},"end":{"line":505,"column":5}},"type":"if","locations":[{"start":{"line":503,"column":4},"end":{"line":505,"column":5}},{"start":{"line":503,"column":4},"end":{"line":505,"column":5}}],"line":503},"34":{"loc":{"start":{"line":512,"column":8},"end":{"line":516,"column":9}},"type":"if","locations":[{"start":{"line":512,"column":8},"end":{"line":516,"column":9}},{"start":{"line":512,"column":8},"end":{"line":516,"column":9}}],"line":512},"35":{"loc":{"start":{"line":523,"column":8},"end":{"line":532,"column":9}},"type":"if","locations":[{"start":{"line":523,"column":8},"end":{"line":532,"column":9}},{"start":{"line":523,"column":8},"end":{"line":532,"column":9}}],"line":523},"36":{"loc":{"start":{"line":525,"column":12},"end":{"line":527,"column":13}},"type":"if","locations":[{"start":{"line":525,"column":12},"end":{"line":527,"column":13}},{"start":{"line":525,"column":12},"end":{"line":527,"column":13}}],"line":525},"37":{"loc":{"start":{"line":539,"column":8},"end":{"line":541,"column":9}},"type":"if","locations":[{"start":{"line":539,"column":8},"end":{"line":541,"column":9}},{"start":{"line":539,"column":8},"end":{"line":541,"column":9}}],"line":539},"38":{"loc":{"start":{"line":551,"column":16},"end":{"line":554,"column":17}},"type":"if","locations":[{"start":{"line":551,"column":16},"end":{"line":554,"column":17}},{"start":{"line":551,"column":16},"end":{"line":554,"column":17}}],"line":551}},"s":{"0":1,"1":0,"2":0,"3":0,"4":0,"5":0,"6":1,"7":0,"8":0,"9":0,"10":0,"11":0,"12":0,"13":0,"14":0,"15":0,"16":0,"17":0,"18":0,"19":0,"20":0,"21":0,"22":0,"23":0,"24":0,"25":0,"26":0,"27":0,"28":0,"29":0,"30":1,"31":0,"32":0,"33":0,"34":0,"35":0,"36":0,"37":0,"38":0,"39":0,"40":0,"41":0,"42":0,"43":0,"44":0,"45":0,"46":0,"47":0,"48":0,"49":0,"50":0,"51":0,"52":0,"53":0,"54":0,"55":0,"56":1,"57":0,"58":0,"59":0,"60":0,"61":0,"62":0,"63":0,"64":0,"65":0,"66":0,"67":0,"68":0,"69":1,"70":0,"71":0,"72":0,"73":0,"74":0,"75":0,"76":0,"77":0,"78":0,"79":0,"80":0,"81":0,"82":0,"83":0,"84":0,"85":0,"86":0,"87":1,"88":0,"89":0,"90":0,"91":0,"92":0,"93":0,"94":0,"95":0,"96":1,"97":0,"98":0,"99":0,"100":0,"101":0,"102":0,"103":0,"104":0,"105":0,"106":0,"107":0,"108":0,"109":0,"110":0,"111":1,"112":0,"113":0,"114":0,"115":0,"116":0,"117":0,"118":0,"119":0,"120":0,"121":1,"122":0,"123":0,"124":0,"125":0,"126":0,"127":0,"128":0,"129":0,"130":0,"131":0,"132":0,"133":0,"134":0,"135":0,"136":0,"137":0,"138":0,"139":1,"140":0,"141":2,"142":1,"143":1,"144":1,"145":0,"146":0,"147":2,"148":2,"149":1,"150":0,"151":0,"152":2,"153":2,"154":2,"155":0,"156":0,"157":0,"158":0,"159":0,"160":0,"161":0,"162":0,"163":0,"164":0,"165":0,"166":0,"167":0,"168":0,"169":0,"170":0,"171":0,"172":0,"173":0,"174":0,"175":0,"176":0,"177":0,"178":0,"179":0,"180":0},"f":{"0":0,"1":0,"2":0,"3":0,"4":0,"5":0,"6":0,"7":0,"8":0,"9":0,"10":0,"11":0,"12":0,"13":0,"14":0,"15":0,"16":0,"17":0,"18":0,"19":0,"20":0,"21":0,"22":0,"23":0,"24":0,"25":0,"26":0,"27":0,"28":0,"29":0,"30":0,"31":0,"32":0,"33":0,"34":0,"35":0,"36":2,"37":0,"38":2,"39":1,"40":0,"41":0,"42":0,"43":0,"44":0,"45":0,"46":0,"47":0,"48":0},"b":{"0":[0,0],"1":[0,0],"2":[0,0],"3":[0,0],"4":[0,0],"5":[0,0],"6":[0,0],"7":[0,0],"8":[0,0],"9":[0,0],"10":[0,0],"11":[0,0],"12":[0,0],"13":[0,0],"14":[0,0],"15":[0,0],"16":[0,0],"17":[0,0],"18":[0,0],"19":[0,0],"20":[0,0],"21":[0,0],"22":[0,0],"23":[0,0],"24":[0,0],"25":[0,0],"26":[0,0],"27":[0,0],"28":[0,0],"29":[0,0],"30":[1,0],"31":[0,1],"32":[0,1],"33":[2,0],"34":[0,0],"35":[0,0],"36":[0,0],"37":[0,0],"38":[0,0]},"_coverageSchema":"1a1c01bbd47fc00a2c39e90264f33305004495a9","hash":"ec1ef7c75f6b4f81e7e7b30a7ae4327844e7552a"}
,"C:\\Users\\User\\Desktop\\море трупов\\PizzaTime\\scripts\\send.js": {"path":"C:\\Users\\User\\Desktop\\море трупов\\PizzaTime\\scripts\\send.js","statementMap":{"0":{"start":{"line":1,"column":25},"end":{"line":1,"column":55}},"1":{"start":{"line":2,"column":14},"end":{"line":2,"column":35}},"2":{"start":{"line":5,"column":16},"end":{"line":5,"column":86}},"3":{"start":{"line":6,"column":18},"end":{"line":8,"column":5}},"4":{"start":{"line":9,"column":4},"end":{"line":15,"column":7}},"5":{"start":{"line":14,"column":8},"end":{"line":14,"column":31}}},"fnMap":{"0":{"name":"sendOrder","decl":{"start":{"line":4,"column":22},"end":{"line":4,"column":31}},"loc":{"start":{"line":4,"column":38},"end":{"line":16,"column":1}},"line":4},"1":{"name":"(anonymous_1)","decl":{"start":{"line":13,"column":12},"end":{"line":13,"column":13}},"loc":{"start":{"line":13,"column":24},"end":{"line":15,"column":5}},"line":13}},"branchMap":{},"s":{"0":2,"1":2,"2":1,"3":1,"4":1,"5":1},"f":{"0":1,"1":1},"b":{},"_coverageSchema":"1a1c01bbd47fc00a2c39e90264f33305004495a9","hash":"66fe2af676b71429f3b47a9453e36c05a3c8082a"}
,"C:\\Users\\User\\Desktop\\море трупов\\PizzaTime\\scripts\\views\\DefaultView.js": {"path":"C:\\Users\\User\\Desktop\\море трупов\\PizzaTime\\scripts\\views\\DefaultView.js","statementMap":{"0":{"start":{"line":2,"column":25},"end":{"line":2,"column":55}},"1":{"start":{"line":5,"column":8},"end":{"line":5,"column":29}},"2":{"start":{"line":9,"column":8},"end":{"line":9,"column":31}},"3":{"start":{"line":13,"column":8},"end":{"line":13,"column":18}},"4":{"start":{"line":17,"column":8},"end":{"line":17,"column":15}}},"fnMap":{"0":{"name":"(anonymous_0)","decl":{"start":{"line":4,"column":4},"end":{"line":4,"column":5}},"loc":{"start":{"line":4,"column":24},"end":{"line":6,"column":5}},"line":4},"1":{"name":"(anonymous_1)","decl":{"start":{"line":8,"column":4},"end":{"line":8,"column":5}},"loc":{"start":{"line":8,"column":20},"end":{"line":10,"column":5}},"line":8},"2":{"name":"(anonymous_2)","decl":{"start":{"line":12,"column":4},"end":{"line":12,"column":5}},"loc":{"start":{"line":12,"column":20},"end":{"line":14,"column":5}},"line":12},"3":{"name":"(anonymous_3)","decl":{"start":{"line":16,"column":4},"end":{"line":16,"column":5}},"loc":{"start":{"line":16,"column":27},"end":{"line":18,"column":5}},"line":16}},"branchMap":{},"s":{"0":1,"1":1,"2":1,"3":1,"4":1},"f":{"0":1,"1":1,"2":1,"3":1},"b":{},"_coverageSchema":"1a1c01bbd47fc00a2c39e90264f33305004495a9","hash":"95daaa73a7559375df8f66fae0c83d54414fc3c9"}
}
