TN:
SF:scripts\getContent.js
FN:13,getContent
FN:14,(anonymous_1)
FNF:2
FNH:2
FNDA:9,getContent
FNDA:5,(anonymous_1)
DA:1,2
DA:2,2
DA:3,2
DA:4,2
DA:5,2
DA:8,2
DA:9,2
DA:10,2
DA:11,2
DA:14,9
LF:10
LH:10
BRF:0
BRH:0
end_of_record
TN:
SF:scripts\other.js
FN:4,(anonymous_0)
FN:5,(anonymous_1)
FN:39,(anonymous_2)
FN:45,(anonymous_3)
FN:46,(anonymous_4)
FN:59,(anonymous_5)
FN:103,(anonymous_6)
FN:111,(anonymous_7)
FN:118,(anonymous_8)
FN:123,(anonymous_9)
FN:126,(anonymous_10)
FN:135,(anonymous_11)
FN:141,(anonymous_12)
FN:171,(anonymous_13)
FN:190,(anonymous_14)
FN:193,(anonymous_15)
FN:196,(anonymous_16)
FN:203,(anonymous_17)
FN:207,(anonymous_18)
FN:243,(anonymous_19)
FN:248,(anonymous_20)
FN:251,(anonymous_21)
FN:253,(anonymous_22)
FN:295,(anonymous_23)
FN:298,(anonymous_24)
FN:298,(anonymous_25)
FN:307,(anonymous_26)
FN:327,(anonymous_27)
FN:350,(anonymous_28)
FN:371,(anonymous_29)
FN:373,(anonymous_30)
FN:408,(anonymous_31)
FN:411,(anonymous_32)
FN:413,(anonymous_33)
FN:460,(anonymous_34)
FN:478,setCart
FN:482,getCart
FN:489,(anonymous_37)
FN:495,addToCart
FN:497,(anonymous_39)
FN:510,plusQuantity
FN:511,(anonymous_41)
FN:521,minusQuantity
FN:522,(anonymous_43)
FN:536,deleteFromCart
FN:538,(anonymous_45)
FN:546,updateTotalCost
FN:548,(anonymous_47)
FN:550,(anonymous_48)
FNF:49
FNH:3
FNDA:0,(anonymous_0)
FNDA:0,(anonymous_1)
FNDA:0,(anonymous_2)
FNDA:0,(anonymous_3)
FNDA:0,(anonymous_4)
FNDA:0,(anonymous_5)
FNDA:0,(anonymous_6)
FNDA:0,(anonymous_7)
FNDA:0,(anonymous_8)
FNDA:0,(anonymous_9)
FNDA:0,(anonymous_10)
FNDA:0,(anonymous_11)
FNDA:0,(anonymous_12)
FNDA:0,(anonymous_13)
FNDA:0,(anonymous_14)
FNDA:0,(anonymous_15)
FNDA:0,(anonymous_16)
FNDA:0,(anonymous_17)
FNDA:0,(anonymous_18)
FNDA:0,(anonymous_19)
FNDA:0,(anonymous_20)
FNDA:0,(anonymous_21)
FNDA:0,(anonymous_22)
FNDA:0,(anonymous_23)
FNDA:0,(anonymous_24)
FNDA:0,(anonymous_25)
FNDA:0,(anonymous_26)
FNDA:0,(anonymous_27)
FNDA:0,(anonymous_28)
FNDA:0,(anonymous_29)
FNDA:0,(anonymous_30)
FNDA:0,(anonymous_31)
FNDA:0,(anonymous_32)
FNDA:0,(anonymous_33)
FNDA:0,(anonymous_34)
FNDA:0,setCart
FNDA:2,getCart
FNDA:0,(anonymous_37)
FNDA:2,addToCart
FNDA:1,(anonymous_39)
FNDA:0,plusQuantity
FNDA:0,(anonymous_41)
FNDA:0,minusQuantity
FNDA:0,(anonymous_43)
FNDA:0,deleteFromCart
FNDA:0,(anonymous_45)
FNDA:0,updateTotalCost
FNDA:0,(anonymous_47)
FNDA:0,(anonymous_48)
DA:4,1
DA:5,0
DA:6,0
DA:7,0
DA:8,0
DA:40,0
DA:45,1
DA:46,0
DA:47,0
DA:48,0
DA:49,0
DA:59,0
DA:60,0
DA:61,0
DA:62,0
DA:63,0
DA:100,0
DA:101,0
DA:102,0
DA:103,0
DA:104,0
DA:105,0
DA:106,0
DA:110,0
DA:112,0
DA:119,0
DA:124,0
DA:126,0
DA:127,0
DA:128,0
DA:135,1
DA:136,0
DA:137,0
DA:138,0
DA:139,0
DA:141,0
DA:142,0
DA:143,0
DA:144,0
DA:145,0
DA:146,0
DA:149,0
DA:152,0
DA:164,0
DA:167,0
DA:168,0
DA:171,0
DA:172,0
DA:173,0
DA:174,0
DA:175,0
DA:191,0
DA:194,0
DA:196,0
DA:197,0
DA:198,0
DA:203,1
DA:204,0
DA:205,0
DA:206,0
DA:207,0
DA:208,0
DA:209,0
DA:210,0
DA:211,0
DA:212,0
DA:240,0
DA:241,0
DA:244,0
DA:248,1
DA:249,0
DA:250,0
DA:251,0
DA:252,0
DA:253,0
DA:254,0
DA:255,0
DA:256,0
DA:285,0
DA:295,0
DA:296,0
DA:297,0
DA:298,0
DA:300,0
DA:304,0
DA:307,1
DA:308,0
DA:309,0
DA:310,0
DA:311,0
DA:312,0
DA:313,0
DA:314,0
DA:315,0
DA:327,1
DA:328,0
DA:329,0
DA:330,0
DA:332,0
DA:333,0
DA:335,0
DA:336,0
DA:338,0
DA:339,0
DA:341,0
DA:342,0
DA:344,0
DA:345,0
DA:347,0
DA:350,1
DA:351,0
DA:369,0
DA:370,0
DA:371,0
DA:372,0
DA:373,0
DA:374,0
DA:375,0
DA:376,0
DA:408,1
DA:409,0
DA:410,0
DA:411,0
DA:412,0
DA:413,0
DA:414,0
DA:415,0
DA:416,0
DA:448,0
DA:458,0
DA:460,0
DA:461,0
DA:462,0
DA:463,0
DA:465,0
DA:466,0
DA:467,0
DA:474,1
DA:479,0
DA:483,2
DA:486,1
DA:487,1
DA:488,1
DA:489,0
DA:490,0
DA:496,2
DA:497,2
DA:498,1
DA:499,0
DA:500,0
DA:503,2
DA:504,2
DA:506,2
DA:511,0
DA:512,0
DA:513,0
DA:514,0
DA:515,0
DA:522,0
DA:523,0
DA:524,0
DA:525,0
DA:526,0
DA:528,0
DA:529,0
DA:530,0
DA:531,0
DA:537,0
DA:538,0
DA:539,0
DA:540,0
DA:543,0
DA:547,0
DA:548,0
DA:549,0
DA:550,0
DA:551,0
DA:552,0
DA:558,0
LF:179
LH:20
BRDA:6,0,0,0
BRDA:6,0,1,0
BRDA:47,1,0,0
BRDA:47,1,1,0
BRDA:60,2,0,0
BRDA:60,2,1,0
BRDA:105,3,0,0
BRDA:105,3,1,0
BRDA:127,4,0,0
BRDA:127,4,1,0
BRDA:142,5,0,0
BRDA:142,5,1,0
BRDA:144,6,0,0
BRDA:144,6,1,0
BRDA:144,7,0,0
BRDA:144,7,1,0
BRDA:167,8,0,0
BRDA:167,8,1,0
BRDA:172,9,0,0
BRDA:172,9,1,0
BRDA:174,10,0,0
BRDA:174,10,1,0
BRDA:197,11,0,0
BRDA:197,11,1,0
BRDA:208,12,0,0
BRDA:208,12,1,0
BRDA:210,13,0,0
BRDA:210,13,1,0
BRDA:240,14,0,0
BRDA:240,14,1,0
BRDA:250,15,0,0
BRDA:250,15,1,0
BRDA:254,16,0,0
BRDA:254,16,1,0
BRDA:296,17,0,0
BRDA:296,17,1,0
BRDA:329,18,0,0
BRDA:329,18,1,0
BRDA:332,19,0,0
BRDA:332,19,1,0
BRDA:335,20,0,0
BRDA:335,20,1,0
BRDA:338,21,0,0
BRDA:338,21,1,0
BRDA:341,22,0,0
BRDA:341,22,1,0
BRDA:344,23,0,0
BRDA:344,23,1,0
BRDA:370,24,0,0
BRDA:370,24,1,0
BRDA:374,25,0,0
BRDA:374,25,1,0
BRDA:410,26,0,0
BRDA:410,26,1,0
BRDA:414,27,0,0
BRDA:414,27,1,0
BRDA:461,28,0,0
BRDA:461,28,1,0
BRDA:465,29,0,0
BRDA:465,29,1,0
BRDA:486,30,0,1
BRDA:486,30,1,0
BRDA:488,31,0,0
BRDA:488,31,1,1
BRDA:498,32,0,0
BRDA:498,32,1,1
BRDA:503,33,0,2
BRDA:503,33,1,0
BRDA:512,34,0,0
BRDA:512,34,1,0
BRDA:523,35,0,0
BRDA:523,35,1,0
BRDA:525,36,0,0
BRDA:525,36,1,0
BRDA:539,37,0,0
BRDA:539,37,1,0
BRDA:551,38,0,0
BRDA:551,38,1,0
BRF:78
BRH:4
end_of_record
TN:
SF:scripts\send.js
FN:4,sendOrder
FN:13,(anonymous_1)
FNF:2
FNH:2
FNDA:1,sendOrder
FNDA:1,(anonymous_1)
DA:1,2
DA:2,2
DA:5,1
DA:6,1
DA:9,1
DA:14,1
LF:6
LH:6
BRF:0
BRH:0
end_of_record
TN:
SF:scripts\views\DefaultView.js
FN:4,(anonymous_0)
FN:8,(anonymous_1)
FN:12,(anonymous_2)
FN:16,(anonymous_3)
FNF:4
FNH:4
FNDA:1,(anonymous_0)
FNDA:1,(anonymous_1)
FNDA:1,(anonymous_2)
FNDA:1,(anonymous_3)
DA:2,1
DA:5,1
DA:9,1
DA:13,1
DA:17,1
LF:5
LH:5
BRF:0
BRH:0
end_of_record
